2021-12-23 11:40:12,124 [Worker-2: Loading available Gradle versions] INFO  o.e.b.c.i.u.g.PublishedGradleVersions - Gradle version information cache is up-to-date. Trying to read.
2021-12-23 11:41:04,140 [Worker-5: Importing Maven projects] INFO  o.e.m.c.i.l.LifecycleMappingFactory - Using org.eclipse.m2e.jdt.JarLifecycleMapping lifecycle mapping for MavenProject: br.gov.ce.tce:srh:0.0.1-SNAPSHOT @ C:\Users\estag_2243\Documents\ws-TCE\srh-2022\srh-2012-sts\srh\pom.xml.
2021-12-23 11:41:13,176 [Worker-5: Importing Maven projects] INFO  o.e.m.j.i.AbstractJavaProjectConfigurator - Adding source folder /srh/src/main/java
2021-12-23 11:41:13,176 [Worker-5: Importing Maven projects] INFO  o.e.m.j.i.AbstractJavaProjectConfigurator - Adding resource folder /srh/src/main/resources
2021-12-23 11:41:13,177 [Worker-5: Importing Maven projects] INFO  o.e.m.j.i.AbstractJavaProjectConfigurator - Adding resource folder /srh/src/main/resources
2021-12-23 11:41:13,177 [Worker-5: Importing Maven projects] INFO  o.e.m.j.i.AbstractJavaProjectConfigurator - Adding source folder /srh/src/test/java
2021-12-23 11:41:13,449 [Worker-5: Importing Maven projects] INFO  o.e.m.c.i.p.ProjectConfigurationManager - Imported and configured 1 project(s) in 14 sec
2021-12-23 11:41:14,646 [Worker-11: Building] INFO  o.e.m.c.i.embedder.EclipseLogger - Using 'UTF-8' encoding to copy filtered resources.
2021-12-23 11:41:14,647 [Worker-11: Building] INFO  o.e.m.c.i.embedder.EclipseLogger - Using 'UTF-8' encoding to copy filtered properties files.
2021-12-23 11:41:14,650 [Worker-11: Building] INFO  o.e.m.c.i.embedder.EclipseLogger - Copying 1 resource
2021-12-23 11:41:14,719 [Worker-11: Building] INFO  o.e.m.c.i.embedder.EclipseLogger - Using 'UTF-8' encoding to copy filtered resources.
2021-12-23 11:41:14,719 [Worker-11: Building] INFO  o.e.m.c.i.embedder.EclipseLogger - Using 'UTF-8' encoding to copy filtered properties files.
2021-12-23 11:41:14,720 [Worker-11: Building] INFO  o.e.m.c.i.embedder.EclipseLogger - skip non existing resourceDirectory C:\Users\estag_2243\Documents\ws-TCE\srh-2022\srh-2012-sts\srh\src\test\resources
2021-12-23 11:44:49,176 [Worker-3: Loading available Gradle versions] INFO  o.e.b.c.i.u.g.PublishedGradleVersions - Gradle version information cache is up-to-date. Trying to read.
2021-12-23 11:47:09,284 [Worker-10: Updating Maven Project] INFO  o.e.m.c.i.p.ProjectConfigurationManager - Update started
2021-12-23 11:47:09,917 [Worker-10: Updating Maven Project] INFO  o.e.m.c.i.l.LifecycleMappingFactory - Using org.eclipse.m2e.jdt.JarLifecycleMapping lifecycle mapping for MavenProject: br.gov.ce.tce:srh:0.0.1-SNAPSHOT @ C:\Users\estag_2243\Documents\ws-TCE\srh-2022\srh-2012-sts\srh\pom.xml.
2021-12-23 11:47:10,566 [Worker-10: Updating Maven Project] INFO  o.e.m.j.i.AbstractJavaProjectConfigurator - Adding source folder /srh/src/main/java
2021-12-23 11:47:10,567 [Worker-10: Updating Maven Project] INFO  o.e.m.j.i.AbstractJavaProjectConfigurator - Adding resource folder /srh/src/main/resources
2021-12-23 11:47:10,568 [Worker-10: Updating Maven Project] INFO  o.e.m.j.i.AbstractJavaProjectConfigurator - Adding resource folder /srh/src/main/resources
2021-12-23 11:47:10,568 [Worker-10: Updating Maven Project] INFO  o.e.m.j.i.AbstractJavaProjectConfigurator - Adding source folder /srh/src/test/java
2021-12-23 11:47:12,246 [Worker-10: Updating Maven Project] INFO  o.e.m.c.i.p.ProjectConfigurationManager - Update completed: 2 sec
2021-12-23 11:47:12,786 [Worker-20: Building] INFO  o.e.m.c.i.embedder.EclipseLogger - Using 'UTF-8' encoding to copy filtered resources.
2021-12-23 11:47:12,786 [Worker-20: Building] INFO  o.e.m.c.i.embedder.EclipseLogger - Using 'UTF-8' encoding to copy filtered properties files.
2021-12-23 11:47:12,788 [Worker-20: Building] INFO  o.e.m.c.i.embedder.EclipseLogger - Copying 1 resource
2021-12-23 11:47:12,798 [Worker-20: Building] INFO  o.e.m.c.i.embedder.EclipseLogger - Using 'UTF-8' encoding to copy filtered resources.
2021-12-23 11:47:12,798 [Worker-20: Building] INFO  o.e.m.c.i.embedder.EclipseLogger - Using 'UTF-8' encoding to copy filtered properties files.
2021-12-23 11:47:12,799 [Worker-20: Building] INFO  o.e.m.c.i.embedder.EclipseLogger - skip non existing resourceDirectory C:\Users\estag_2243\Documents\ws-TCE\srh-2022\srh-2012-sts\srh\src\test\resources
2021-12-23 11:52:14,567 [Worker-22: Building] INFO  o.e.m.c.i.e.AbstractTransferListenerAdapter - Downloading http://svtcerepjava:8081/nexus/content/groups/public/org/apache/maven/plugins/maven-resources-plugin/3.1.0/maven-resources-plugin-3.1.0.jar
2021-12-23 11:52:14,892 [Worker-22: Building] INFO  o.e.m.c.i.e.AbstractTransferListenerAdapter - Downloaded http://svtcerepjava:8081/nexus/content/groups/public/org/apache/maven/plugins/maven-resources-plugin/3.1.0/maven-resources-plugin-3.1.0.jar
2021-12-23 11:52:15,099 [Worker-22: Building] INFO  o.e.m.c.i.l.LifecycleMappingFactory - Using org.eclipse.m2e.jdt.JarLifecycleMapping lifecycle mapping for MavenProject: br.gov.ce.tce:srh:0.0.1-SNAPSHOT @ C:\Users\estag_2243\Documents\ws-TCE\srh-2022\srh-2012-sts\srh\pom.xml.
2021-12-23 11:52:15,827 [Worker-22: Building] INFO  o.e.m.c.i.e.AbstractTransferListenerAdapter - Downloading http://svtcerepjava:8081/nexus/content/groups/public/org/apache/maven/plugins/maven-resources-plugin/3.1.0/maven-resources-plugin-3.1.0.pom
2021-12-23 11:52:16,148 [Worker-22: Building] INFO  o.e.m.c.i.e.AbstractTransferListenerAdapter - Downloaded http://svtcerepjava:8081/nexus/content/groups/public/org/apache/maven/plugins/maven-resources-plugin/3.1.0/maven-resources-plugin-3.1.0.pom
2021-12-23 11:52:16,503 [Worker-22: Building] INFO  o.e.m.c.i.e.AbstractTransferListenerAdapter - Downloading http://svtcerepjava:8081/nexus/content/groups/public/org/codehaus/plexus/plexus-utils/3.1.0/plexus-utils-3.1.0.pom
2021-12-23 11:52:16,827 [Worker-22: Building] INFO  o.e.m.c.i.e.AbstractTransferListenerAdapter - Downloaded http://svtcerepjava:8081/nexus/content/groups/public/org/codehaus/plexus/plexus-utils/3.1.0/plexus-utils-3.1.0.pom
2021-12-23 11:52:16,929 [Worker-22: Building] INFO  o.e.m.c.i.e.AbstractTransferListenerAdapter - Downloading http://svtcerepjava:8081/nexus/content/groups/public/org/codehaus/plexus/plexus-interpolation/1.24/plexus-interpolation-1.24.pom
2021-12-23 11:52:16,941 [Worker-22: Building] INFO  o.e.m.c.i.e.AbstractTransferListenerAdapter - Downloaded http://svtcerepjava:8081/nexus/content/groups/public/org/codehaus/plexus/plexus-interpolation/1.24/plexus-interpolation-1.24.pom
2021-12-23 11:52:17,126 [AetherRepositoryConnector-svtcerepjava-0-3] INFO  o.e.m.c.i.e.AbstractTransferListenerAdapter - Downloading http://svtcerepjava:8081/nexus/content/groups/public/org/codehaus/plexus/plexus-interpolation/1.24/plexus-interpolation-1.24.jar
2021-12-23 11:52:17,139 [AetherRepositoryConnector-svtcerepjava-0-2] INFO  o.e.m.c.i.e.AbstractTransferListenerAdapter - Downloading http://svtcerepjava:8081/nexus/content/groups/public/com/google/code/findbugs/jsr305/2.0.1/jsr305-2.0.1.jar
2021-12-23 11:52:17,144 [AetherRepositoryConnector-svtcerepjava-0-3] INFO  o.e.m.c.i.e.AbstractTransferListenerAdapter - Downloaded http://svtcerepjava:8081/nexus/content/groups/public/org/codehaus/plexus/plexus-interpolation/1.24/plexus-interpolation-1.24.jar
2021-12-23 11:52:17,152 [AetherRepositoryConnector-svtcerepjava-0-2] INFO  o.e.m.c.i.e.AbstractTransferListenerAdapter - Downloaded http://svtcerepjava:8081/nexus/content/groups/public/com/google/code/findbugs/jsr305/2.0.1/jsr305-2.0.1.jar
2021-12-23 11:52:17,189 [AetherRepositoryConnector-svtcerepjava-0-1] INFO  o.e.m.c.i.e.AbstractTransferListenerAdapter - Downloading http://svtcerepjava:8081/nexus/content/groups/public/org/apache/maven/shared/maven-shared-utils/3.0.0/maven-shared-utils-3.0.0.jar
2021-12-23 11:52:17,214 [AetherRepositoryConnector-svtcerepjava-0-1] INFO  o.e.m.c.i.e.AbstractTransferListenerAdapter - Downloaded http://svtcerepjava:8081/nexus/content/groups/public/org/apache/maven/shared/maven-shared-utils/3.0.0/maven-shared-utils-3.0.0.jar
2021-12-23 11:52:17,529 [AetherRepositoryConnector-svtcerepjava-0-0] INFO  o.e.m.c.i.e.AbstractTransferListenerAdapter - Downloading http://svtcerepjava:8081/nexus/content/groups/public/org/codehaus/plexus/plexus-utils/3.1.0/plexus-utils-3.1.0.jar
2021-12-23 11:52:17,862 [AetherRepositoryConnector-svtcerepjava-0-0] INFO  o.e.m.c.i.e.AbstractTransferListenerAdapter - Downloaded http://svtcerepjava:8081/nexus/content/groups/public/org/codehaus/plexus/plexus-utils/3.1.0/plexus-utils-3.1.0.jar
2021-12-23 11:52:18,082 [Worker-22: Building] INFO  o.e.m.c.i.embedder.EclipseLogger - Using 'UTF-8' encoding to copy filtered resources.
2021-12-23 11:52:18,084 [Worker-22: Building] INFO  o.e.m.c.i.embedder.EclipseLogger - Copying 0 resource
2021-12-23 11:52:18,084 [Worker-22: Building] INFO  o.e.m.c.i.embedder.EclipseLogger - Copying 0 resource
2021-12-23 11:52:18,086 [Worker-22: Building] INFO  o.e.m.c.i.embedder.EclipseLogger - Using 'UTF-8' encoding to copy filtered resources.
2021-12-23 11:52:18,086 [Worker-22: Building] INFO  o.e.m.c.i.embedder.EclipseLogger - skip non existing resourceDirectory C:\Users\estag_2243\Documents\ws-TCE\srh-2022\srh-2012-sts\srh\src\test\resources
2021-12-23 11:52:45,726 [Worker-21: Building] INFO  o.e.m.c.i.l.LifecycleMappingFactory - Using org.eclipse.m2e.jdt.JarLifecycleMapping lifecycle mapping for MavenProject: br.gov.ce.tce:srh:0.0.1-SNAPSHOT @ C:\Users\estag_2243\Documents\ws-TCE\srh-2022\srh-2012-sts\srh\pom.xml.
2021-12-23 11:52:46,180 [Worker-21: Building] INFO  o.e.m.c.i.embedder.EclipseLogger - Using 'UTF-8' encoding to copy filtered resources.
2021-12-23 11:52:46,180 [Worker-21: Building] INFO  o.e.m.c.i.embedder.EclipseLogger - Using 'UTF-8' encoding to copy filtered properties files.
2021-12-23 11:52:46,182 [Worker-21: Building] INFO  o.e.m.c.i.embedder.EclipseLogger - Copying 0 resource
2021-12-23 11:52:46,182 [Worker-21: Building] INFO  o.e.m.c.i.embedder.EclipseLogger - Copying 0 resource
2021-12-23 11:52:46,184 [Worker-21: Building] INFO  o.e.m.c.i.embedder.EclipseLogger - Using 'UTF-8' encoding to copy filtered resources.
2021-12-23 11:52:46,184 [Worker-21: Building] INFO  o.e.m.c.i.embedder.EclipseLogger - Using 'UTF-8' encoding to copy filtered properties files.
2021-12-23 11:52:46,184 [Worker-21: Building] INFO  o.e.m.c.i.embedder.EclipseLogger - skip non existing resourceDirectory C:\Users\estag_2243\Documents\ws-TCE\srh-2022\srh-2012-sts\srh\src\test\resources
2022-01-03 07:31:25,037 [Worker-0: Loading available Gradle versions] INFO  o.e.b.c.i.u.g.PublishedGradleVersions - Gradle version information cache is out-of-date. Trying to update.
2022-01-03 07:31:25,856 [Worker-4: reload maven project] ERROR o.e.m2e.editor.pom.MavenPomEditor - failed to load maven project for org.eclipse.ui.part.FileEditorInput(/srh/pom.xml)
org.eclipse.core.runtime.CoreException: Could not read maven project
	at org.eclipse.m2e.core.internal.project.registry.ProjectRegistryManager.readProjectWithDependencies(ProjectRegistryManager.java:850)
	at org.eclipse.m2e.core.internal.project.registry.ProjectRegistryManager.lambda$22(ProjectRegistryManager.java:1070)
	at com.google.common.cache.LocalCache$LocalManualCache$1.load(LocalCache.java:4853)
	at com.google.common.cache.LocalCache$LoadingValueReference.loadFuture(LocalCache.java:3529)
	at com.google.common.cache.LocalCache$Segment.loadSync(LocalCache.java:2278)
	at com.google.common.cache.LocalCache$Segment.lockedGetOrLoad(LocalCache.java:2155)
	at com.google.common.cache.LocalCache$Segment.get(LocalCache.java:2045)
	at com.google.common.cache.LocalCache.get(LocalCache.java:3951)
	at com.google.common.cache.LocalCache$LocalManualCache.get(LocalCache.java:4848)
	at org.eclipse.m2e.core.internal.project.registry.ProjectRegistryManager.getMavenProject(ProjectRegistryManager.java:1069)
	at org.eclipse.m2e.core.internal.project.registry.MavenProjectFacade.getMavenProject(MavenProjectFacade.java:251)
	at org.eclipse.m2e.core.ui.internal.actions.SelectionUtil.getMavenProject(SelectionUtil.java:260)
	at org.eclipse.m2e.editor.pom.MavenPomEditor.readMavenProject(MavenPomEditor.java:632)
	at org.eclipse.m2e.editor.pom.MavenPomEditor$3.run(MavenPomEditor.java:936)
	at org.eclipse.core.internal.jobs.Worker.run(Worker.java:63)
